{"level":"info","message":"bdPath: /Users/carlos/workspace/ventipay/project1/controller/../bd.json","service":"user-service"}
{"level":"debug","message":"usersBd:[object Object]","service":"user-service"}
{"level":"info","message":"bdPath: /Users/carlos/workspace/ventipay/project1/controller/../bd.json","service":"user-service"}
{"level":"debug","message":"usersBd:","service":"user-service","users":[{"email":"carlos@mail.com","firstName":"Carlos","id":0,"lastName":"Mancilla"},{"email":"cris@mail.com","firstName":"Cristóbal","id":1,"lastName":"Mancilla"},{"email":"cris@mail.com","firstName":"Cristóbal","id":2,"lastName":"Mancilla"}]}
{"email":"cris@mail.com","firstName":"Cristóbal","id":3,"lastName":"Mancilla","level":"debug","message":"user:","service":"user-service"}
{"level":"debug","message":"usersBd:","service":"user-service","users":[{"email":"carlos@mail.com","firstName":"Carlos","id":0,"lastName":"Mancilla"},{"email":"cris@mail.com","firstName":"Cristóbal","id":1,"lastName":"Mancilla"},{"email":"cris@mail.com","firstName":"Cristóbal","id":2,"lastName":"Mancilla"},{"email":"cris@mail.com","firstName":"Cristóbal","id":3,"lastName":"Mancilla"}]}
{"level":"info","message":"bdPath: /Users/carlos/workspace/ventipay/project1/controller/../bd.json","service":"user-service"}
{"level":"info","message":"bdPath: ","service":"user-service"}
{"level":"debug","message":"bdPath:","service":"user-service"}
{"level":"debug","message":"usersBd:","service":"user-service","users":[{"email":"carlos@mail.com","firstName":"Carlos","id":0,"lastName":"Mancilla"},{"email":"cris@mail.com","firstName":"Cristóbal","id":1,"lastName":"Mancilla"},{"email":"cris@mail.com","firstName":"Cristóbal","id":2,"lastName":"Mancilla"},{"email":"cris@mail.com","firstName":"Cristóbal","id":3,"lastName":"Mancilla"}]}
{"email":"cris@mail.com","firstName":"Cristóbal","id":4,"lastName":"Mancilla","level":"debug","message":"user:","service":"user-service"}
{"level":"debug","message":"usersBd:","service":"user-service","users":[{"email":"carlos@mail.com","firstName":"Carlos","id":0,"lastName":"Mancilla"},{"email":"cris@mail.com","firstName":"Cristóbal","id":1,"lastName":"Mancilla"},{"email":"cris@mail.com","firstName":"Cristóbal","id":2,"lastName":"Mancilla"},{"email":"cris@mail.com","firstName":"Cristóbal","id":3,"lastName":"Mancilla"},{"email":"cris@mail.com","firstName":"Cristóbal","id":4,"lastName":"Mancilla"}]}
{"level":"debug","message":"bdPath:","service":"user-service"}
{"level":"debug","message":"bdPath:","service":"user-service"}
{"level":"debug","message":"bdPath:/Users/carlos/workspace/ventipay/project1/controller/../bd.json","service":"user-service"}
{"level":"debug","message":"bdPath:/Users/carlos/workspace/ventipay/project1/controller/../bd.json","service":"user-service"}
{"level":"debug","message":"usersBd:","service":"user-service","users":[{"email":"carlos@mail.com","firstName":"Carlos","id":0,"lastName":"Mancilla"}]}
{"level":"debug","message":"usersBd:","service":"user-service","users":[{"email":"carlos@mail.com","firstName":"Carlos","id":0,"lastName":"Mancilla"}]}
{"email":"cris@mail.com","firstName":"Cristóbal","id":1,"lastName":"Mancilla","level":"debug","message":"user:","service":"user-service"}
{"level":"debug","message":"usersBd:","service":"user-service","users":[{"email":"carlos@mail.com","firstName":"Carlos","id":0,"lastName":"Mancilla"},{"email":"cris@mail.com","firstName":"Cristóbal","id":1,"lastName":"Mancilla"}]}
{"level":"debug","message":"bdPath:/Users/carlos/workspace/ventipay/project1/controller/../bd.json","service":"user-service"}
{"level":"debug","message":"usersBd:","service":"user-service","users":[{"email":"carlos@mail.com","firstName":"Carlos","id":0,"lastName":"Mancilla"},{"email":"cris@mail.com","firstName":"Cristóbal","id":1,"lastName":"Mancilla"}]}
{"level":"debug","message":"usersBd:","service":"user-service","users":[{"email":"carlos@mail.com","firstName":"Carlos","id":0,"lastName":"Mancilla"},{"email":"cris@mail.com","firstName":"Cristóbal","id":1,"lastName":"Mancilla"}]}
{"level":"debug","message":"usersBd:","service":"user-service","users":[{"email":"carlos@mail.com","firstName":"Carlos","id":0,"lastName":"Mancilla"},{"email":"cris@mail.com","firstName":"Cristóbal","id":1,"lastName":"Mancilla"}]}
{"level":"debug","message":"usersBd:","service":"user-service","users":[{"email":"carlos@mail.com","firstName":"Carlos","id":0,"lastName":"Mancilla"},{"email":"cris@mail.com","firstName":"Cristóbal","id":1,"lastName":"Mancilla"}]}
{"level":"debug","message":"usersBd:","service":"user-service","users":[{"email":"carlos@mail.com","firstName":"Carlos","id":0,"lastName":"Mancilla"},{"email":"cris@mail.com","firstName":"Cristóbal","id":1,"lastName":"Mancilla"}]}
{"level":"debug","message":"usersBd:","service":"user-service","users":[{"email":"carlos@mail.com","firstName":"Carlos","id":0,"lastName":"Mancilla"},{"email":"cris@mail.com","firstName":"Cristóbal","id":1,"lastName":"Mancilla"}]}
{"level":"debug","message":"usersBd:","service":"user-service","users":[{"email":"carlos@mail.com","firstName":"Carlos","id":0,"lastName":"Mancilla"},{"email":"cris@mail.com","firstName":"Cristóbal","id":1,"lastName":"Mancilla"}]}
{"level":"debug","message":"usersBd:","service":"user-service","users":[{"email":"carlos@mail.com","firstName":"Carlos","id":0,"lastName":"Mancilla"},{"email":"cris@mail.com","firstName":"Cristóbal","id":1,"lastName":"Mancilla"}]}
{"level":"debug","message":"usersBd:","service":"user-service","users":[{"email":"carlos@mail.com","firstName":"Carlos","id":0,"lastName":"Mancilla"},{"email":"cris@mail.com","firstName":"Cristóbal","id":1,"lastName":"Mancilla"}]}
{"level":"debug","message":"usersBd:","service":"user-service","users":[{"email":"carlos@mail.com","firstName":"Carlos","id":0,"lastName":"Mancilla"},{"email":"cris@mail.com","firstName":"Cristóbal","id":1,"lastName":"Mancilla"}]}
{"level":"debug","message":"usersBd:","service":"user-service","users":[{"email":"carlos@mail.com","firstName":"Carlos","id":0,"lastName":"Mancilla"},{"email":"cris@mail.com","firstName":"Cristóbal","id":1,"lastName":"Mancilla"}]}
{"level":"debug","message":"usersBd:","service":"user-service","users":[{"email":"carlos@mail.com","firstName":"Carlos","id":0,"lastName":"Mancilla"},{"email":"cris@mail.com","firstName":"Cristóbal","id":1,"lastName":"Mancilla"}]}
{"level":"debug","message":"usersBd:","service":"user-service","users":[{"email":"carlos@mail.com","firstName":"Carlos","id":0,"lastName":"Mancilla"},{"email":"cris@mail.com","firstName":"Cristóbal","id":1,"lastName":"Mancilla"}]}
{"level":"debug","message":"usersBd:","service":"user-service","users":[{"email":"carlos@mail.com","firstName":"Carlos","id":0,"lastName":"Mancilla"},{"email":"cris@mail.com","firstName":"Cristóbal","id":1,"lastName":"Mancilla"}]}
{"level":"debug","message":"usersBd:","service":"user-service","users":[{"email":"carlos@mail.com","firstName":"Carlos","id":0,"lastName":"Mancilla"},{"email":"cris@mail.com","firstName":"Cristóbal","id":1,"lastName":"Mancilla"}]}
{"level":"debug","message":"bdPath:/Users/carlos/workspace/ventipay/project1/controller/../bd.json","service":"user-service"}
{"level":"debug","message":"usersBd:","service":"user-service","users":[{"email":"carlos@mail.com","id":0,"name":"Carlos Mancilla","phone":"+56998018104"}]}
{"level":"debug","message":"usersBd:","service":"user-service","users":[{"email":"carlos@mail.com","id":0,"name":"Carlos Mancilla","phone":"+56998018104"}]}
{"email":"cris@mail.com","id":1,"level":"debug","message":"user:","name":"Cristóbal Mancilla","phone":"+56998018104","service":"user-service"}
{"level":"debug","message":"usersBd:","service":"user-service","users":[{"email":"carlos@mail.com","id":0,"name":"Carlos Mancilla","phone":"+56998018104"},{"email":"cris@mail.com","id":1,"name":"Cristóbal Mancilla","phone":"+56998018104"}]}
{"level":"debug","message":"bdPath:/Users/carlos/workspace/ventipay/project1/controller/../bd.json","service":"user-service"}
{"level":"debug","message":"usersBd:","service":"user-service","users":[{"email":"carlos@mail.com","id":0,"name":"Carlos Mancilla","phone":"+56998018104"},{"email":"cris@mail.com","id":1,"name":"Cristóbal Mancilla","phone":"+56998018104"}]}
{"level":"debug","message":"bdPath:/Users/carlos/workspace/ventipay/project1/controller/../bd.json","service":"user-service"}
{"level":"debug","message":"usersBd:","service":"user-service","users":[{"email":"carlos@mail.com","id":0,"name":"Carlos Mancilla","phone":"+56998018104"},{"email":"cris@mail.com","id":1,"name":"Cristóbal Mancilla","phone":"+56998018104"}]}
{"level":"debug","message":"usersBd:","service":"user-service","users":[{"email":"carlos@mail.com","id":0,"name":"Carlos Mancilla","phone":"+56998018104"},{"email":"cris@mail.com","id":1,"name":"Cristóbal Mancilla","phone":"+56998018104"}]}
{"level":"debug","message":"bdPath:/Users/carlos/workspace/ventipay/project1/controller/../bd.json","service":"user-service"}
{"level":"debug","message":"bdPath:/Users/carlos/workspace/ventipay/project1/controller/../bd.json","service":"user-service"}
{"level":"debug","message":"bdPath:/Users/carlos/workspace/ventipay/project1/controller/../bd.json","service":"user-service"}
{"level":"debug","message":"bdPath:/Users/carlos/workspace/ventipay/project1/controller/../bd.json","service":"user-service"}
{"level":"debug","message":"usersBd:","service":"user-service","users":[{"email":"carlos@mail.com","id":0,"name":"Carlos Mancilla","phone":"+56998018104"},{"email":"cris@mail.com","id":1,"name":"Cristóbal Mancilla","phone":"+56998018104"}]}
{"level":"debug","message":"usersBd:","service":"user-service","users":[{"email":"carlos@mail.com","id":0,"name":"Carlos Mancilla","phone":"+56998018104"},{"email":"cris@mail.com","id":1,"name":"Cristóbal Mancilla","phone":"+56998018104"}]}
{"level":"debug","message":"bdPath:/Users/carlos/workspace/ventipay/project1/controller/../bd.json","service":"user-service"}
{"level":"debug","message":"bdPath:/Users/carlos/workspace/ventipay/project1/controller/../bd.json","service":"user-service"}
{"level":"debug","message":"usersBd:","service":"user-service","users":[{"email":"carlos@mail.com","id":0,"name":"Carlos Mancilla","phone":"+56998018104"},{"email":"cris@mail.com","id":1,"name":"Cristóbal Mancilla","phone":"+56998018104"}]}
{"email":"cris@mail.com","id":2,"level":"debug","message":"user:","name":"Cristóbal Mancilla","phone":"+56998018104","service":"user-service"}
{"level":"debug","message":"usersBd:","service":"user-service","users":[{"email":"carlos@mail.com","id":0,"name":"Carlos Mancilla","phone":"+56998018104"},{"email":"cris@mail.com","id":1,"name":"Cristóbal Mancilla","phone":"+56998018104"},{"email":"cris@mail.com","id":2,"name":"Cristóbal Mancilla","phone":"+56998018104"}]}
{"level":"debug","message":"bdPath:/Users/carlos/workspace/ventipay/project1/controller/../bd.json","service":"user-service"}
{"level":"debug","message":"bdPath:/Users/carlos/workspace/ventipay/project1/controller/../bd.json","service":"user-service"}
{"level":"debug","message":"id:","service":"user-service"}
{"level":"debug","message":"usersBd:","service":"user-service","users":[{"email":"carlos@mail.com","id":0,"name":"Carlos Mancilla","phone":"+56998018104"},{"email":"cris@mail.com","id":1,"name":"Cristóbal Mancilla","phone":"+56998018104"},{"email":"cris@mail.com","id":2,"name":"Cristóbal Mancilla","phone":"+56998018104"}]}
{"level":"error","service":"user-service"}
{"level":"debug","message":"bdPath:/Users/carlos/workspace/ventipay/project1/controller/../bd.json","service":"user-service"}
{"level":"debug","message":"id:","service":"user-service"}
{"level":"debug","message":"usersBd:","service":"user-service","users":[{"email":"carlos@mail.com","id":0,"name":"Carlos Mancilla","phone":"+56998018104"},{"email":"cris@mail.com","id":1,"name":"Cristóbal Mancilla","phone":"+56998018104"},{"email":"cris@mail.com","id":2,"name":"Cristóbal Mancilla","phone":"+56998018104"}]}
{"level":"debug","message":"usersBd:","service":"user-service","users":[{"email":"carlos@mail.com","id":0,"name":"Carlos Mancilla","phone":"+56998018104"},{"email":"cris@mail.com","id":1,"name":"Cristóbal Mancilla","phone":"+56998018104"},{"email":"cris@mail.com","id":2,"name":"Cristóbal Mancilla","phone":"+56998018104"}]}
{"level":"debug","message":"usersBd:","service":"user-service","users":[{"email":"carlos@mail.com","id":0,"name":"Carlos Mancilla","phone":"+56998018104"},{"email":"cris@mail.com","id":1,"name":"Cristóbal Mancilla","phone":"+56998018104"},{"email":"cris@mail.com","id":2,"name":"Cristóbal Mancilla","phone":"+56998018104"}]}
{"level":"debug","message":"usersBd:","service":"user-service","users":[{"email":"carlos@mail.com","id":0,"name":"Carlos Mancilla","phone":"+56998018104"},{"email":"cris@mail.com","id":1,"name":"Cristóbal Mancilla","phone":"+56998018104"},{"email":"cris@mail.com","id":2,"name":"Cristóbal Mancilla","phone":"+56998018104"}]}
{"level":"debug","message":"usersBd:","service":"user-service","users":[{"email":"carlos@mail.com","id":0,"name":"Carlos Mancilla","phone":"+56998018104"},{"email":"cris@mail.com","id":1,"name":"Cristóbal Mancilla","phone":"+56998018104"},{"email":"cris@mail.com","id":2,"name":"Cristóbal Mancilla","phone":"+56998018104"}]}
{"level":"debug","message":"usersBd:","service":"user-service","users":[{"email":"carlos@mail.com","id":0,"name":"Carlos Mancilla","phone":"+56998018104"},{"email":"cris@mail.com","id":1,"name":"Cristóbal Mancilla","phone":"+56998018104"},{"email":"cris@mail.com","id":2,"name":"Cristóbal Mancilla","phone":"+56998018104"}]}
{"level":"debug","message":"usersBd:","service":"user-service","users":[{"email":"carlos@mail.com","id":0,"name":"Carlos Mancilla","phone":"+56998018104"},{"email":"cris@mail.com","id":1,"name":"Cristóbal Mancilla","phone":"+56998018104"},{"email":"cris@mail.com","id":2,"name":"Cristóbal Mancilla","phone":"+56998018104"}]}
{"level":"debug","message":"usersBd:","service":"user-service","users":[{"email":"carlos@mail.com","id":0,"name":"Carlos Mancilla","phone":"+56998018104"},{"email":"cris@mail.com","id":1,"name":"Cristóbal Mancilla","phone":"+56998018104"},{"email":"cris@mail.com","id":2,"name":"Cristóbal Mancilla","phone":"+56998018104"}]}
{"level":"debug","message":"usersBd:","service":"user-service","users":[{"email":"carlos@mail.com","id":0,"name":"Carlos Mancilla","phone":"+56998018104"},{"email":"cris@mail.com","id":1,"name":"Cristóbal Mancilla","phone":"+56998018104"},{"email":"cris@mail.com","id":2,"name":"Cristóbal Mancilla","phone":"+56998018104"}]}
{"level":"debug","message":"id:","service":"user-service"}
{"level":"debug","message":"usersBd:","service":"user-service","users":[{"email":"carlos@mail.com","id":0,"name":"Carlos Mancilla","phone":"+56998018104"},{"email":"cris@mail.com","id":1,"name":"Cristóbal Mancilla","phone":"+56998018104"},{"email":"cris@mail.com","id":2,"name":"Cristóbal Mancilla","phone":"+56998018104"}]}
{"level":"debug","message":"id:","service":"user-service"}
{"level":"debug","message":"usersBd:","service":"user-service","users":[{"email":"carlos@mail.com","id":0,"name":"Carlos Mancilla","phone":"+56998018104"},{"email":"cris@mail.com","id":1,"name":"Cristóbal Mancilla","phone":"+56998018104"},{"email":"cris@mail.com","id":2,"name":"Cristóbal Mancilla","phone":"+56998018104"}]}
{"level":"debug","message":"usersBd:","service":"user-service","users":[{"email":"carlos@mail.com","id":0,"name":"Carlos Mancilla","phone":"+56998018104"},{"email":"cris@mail.com","id":1,"name":"Cristóbal Mancilla","phone":"+56998018104"},{"email":"cris@mail.com","id":2,"name":"Cristóbal Mancilla","phone":"+56998018104"}]}
{"level":"debug","message":"usersBd:","service":"user-service","users":[{"email":"carlos@mail.com","id":0,"name":"Carlos Mancilla","phone":"+56998018104"},{"email":"cris@mail.com","id":1,"name":"Cristóbal Mancilla","phone":"+56998018104"},{"email":"cris@mail.com","id":2,"name":"Cristóbal Mancilla","phone":"+56998018104"}]}
{"level":"debug","message":"id:","service":"user-service"}
{"level":"debug","message":"usersBd:","service":"user-service","users":[{"email":"carlos@mail.com","id":0,"name":"Carlos Mancilla","phone":"+56998018104"},{"email":"cris@mail.com","id":1,"name":"Cristóbal Mancilla","phone":"+56998018104"},{"email":"cris@mail.com","id":2,"name":"Cristóbal Mancilla","phone":"+56998018104"}]}
{"level":"debug","message":"id:","service":"user-service"}
{"level":"debug","message":"usersBd:","service":"user-service","users":[{"email":"carlos@mail.com","id":0,"name":"Carlos Mancilla","phone":"+56998018104"},{"email":"cris@mail.com","id":1,"name":"Cristóbal Mancilla","phone":"+56998018104"},{"email":"cris@mail.com","id":2,"name":"Cristóbal Mancilla","phone":"+56998018104"}]}
{"level":"debug","message":"usersBd:","service":"user-service","users":[{"email":"carlos@mail.com","id":0,"name":"Carlos Mancilla","phone":"+56998018104"},{"email":"cris@mail.com","id":1,"name":"Cristóbal Mancilla","phone":"+56998018104"},{"email":"cris@mail.com","id":2,"name":"Cristóbal Mancilla","phone":"+56998018104"}]}
{"level":"debug","message":"usersBd:","service":"user-service","users":[{"email":"carlos@mail.com","id":0,"name":"Carlos Mancilla","phone":"+56998018104"},{"email":"cris@mail.com","id":1,"name":"Cristóbal Mancilla","phone":"+56998018104"},{"email":"cris@mail.com","id":2,"name":"Cristóbal Mancilla","phone":"+56998018104"}]}
{"level":"debug","message":"id:","service":"user-service"}
{"level":"debug","message":"usersBd:","service":"user-service","users":[{"email":"carlos@mail.com","id":0,"name":"Carlos Mancilla","phone":"+56998018104"},{"email":"cris@mail.com","id":1,"name":"Cristóbal Mancilla","phone":"+56998018104"},{"email":"cris@mail.com","id":2,"name":"Cristóbal Mancilla","phone":"+56998018104"}]}
{"level":"debug","message":"id:","service":"user-service"}
{"level":"debug","message":"usersBd:","service":"user-service","users":[{"email":"carlos@mail.com","id":0,"name":"Carlos Mancilla","phone":"+56998018104"},{"email":"cris@mail.com","id":1,"name":"Cristóbal Mancilla","phone":"+56998018104"},{"email":"cris@mail.com","id":2,"name":"Cristóbal Mancilla","phone":"+56998018104"}]}
{"level":"debug","message":"usersBd:","service":"user-service","users":[{"email":"carlos@mail.com","id":0,"name":"Carlos Mancilla","phone":"+56998018104"},{"email":"cris@mail.com","id":1,"name":"Cristóbal Mancilla","phone":"+56998018104"},{"email":"cris@mail.com","id":2,"name":"Cristóbal Mancilla","phone":"+56998018104"}]}
{"level":"debug","message":"usersBd:","service":"user-service","users":[{"email":"carlos@mail.com","id":0,"name":"Carlos Mancilla","phone":"+56998018104"},{"email":"cris@mail.com","id":1,"name":"Cristóbal Mancilla","phone":"+56998018104"},{"email":"cris@mail.com","id":2,"name":"Cristóbal Mancilla","phone":"+56998018104"}]}
{"level":"debug","message":"id:","service":"user-service"}
{"level":"debug","message":"usersBd:","service":"user-service","users":[{"email":"carlos@mail.com","id":0,"name":"Carlos Mancilla","phone":"+56998018104"},{"email":"cris@mail.com","id":1,"name":"Cristóbal Mancilla","phone":"+56998018104"},{"email":"cris@mail.com","id":2,"name":"Cristóbal Mancilla","phone":"+56998018104"}]}
{"level":"debug","message":"id:","service":"user-service"}
{"level":"debug","message":"usersBd:","service":"user-service","users":[{"email":"carlos@mail.com","id":0,"name":"Carlos Mancilla","phone":"+56998018104"},{"email":"cris@mail.com","id":1,"name":"Cristóbal Mancilla","phone":"+56998018104"},{"email":"cris@mail.com","id":2,"name":"Cristóbal Mancilla","phone":"+56998018104"}]}
{"level":"debug","message":"id:","service":"user-service"}
{"level":"debug","message":"usersBd:","service":"user-service","users":[{"email":"carlos@mail.com","id":0,"name":"Carlos Mancilla","phone":"+56998018104"},{"email":"cris@mail.com","id":1,"name":"Cristóbal Mancilla","phone":"+56998018104"},{"email":"cris@mail.com","id":2,"name":"Cristóbal Mancilla","phone":"+56998018104"}]}
{"level":"debug","message":"usersBd:","service":"user-service","users":[{"email":"carlos@mail.com","id":0,"name":"Carlos Mancilla","phone":"+56998018104"},{"email":"cris@mail.com","id":1,"name":"Cristóbal Mancilla","phone":"+56998018104"},{"email":"cris@mail.com","id":2,"name":"Cristóbal Mancilla","phone":"+56998018104"}]}
{"level":"debug","message":"usersBd:","service":"user-service","users":[{"email":"carlos@mail.com","id":0,"name":"Carlos Mancilla","phone":"+56998018104"},{"email":"cris@mail.com","id":1,"name":"Cristóbal Mancilla","phone":"+56998018104"},{"email":"cris@mail.com","id":2,"name":"Cristóbal Mancilla","phone":"+56998018104"}]}
{"level":"debug","message":"id:","service":"user-service"}
{"level":"debug","message":"usersBd:","service":"user-service","users":[{"email":"carlos@mail.com","id":0,"name":"Carlos Mancilla","phone":"+56998018104"},{"email":"cris@mail.com","id":1,"name":"Cristóbal Mancilla","phone":"+56998018104"},{"email":"cris@mail.com","id":2,"name":"Cristóbal Mancilla","phone":"+56998018104"}]}
{"level":"debug","message":"id:","service":"user-service"}
{"level":"debug","message":"usersBd:","service":"user-service","users":[{"email":"carlos@mail.com","id":0,"name":"Carlos Mancilla","phone":"+56998018104"},{"email":"cris@mail.com","id":1,"name":"Cristóbal Mancilla","phone":"+56998018104"},{"email":"cris@mail.com","id":2,"name":"Cristóbal Mancilla","phone":"+56998018104"}]}
{"level":"debug","message":"usersBd:","service":"user-service","users":[{"email":"carlos@mail.com","id":0,"name":"Carlos Mancilla","phone":"+56998018104"},{"email":"cris@mail.com","id":1,"name":"Cristóbal Mancilla","phone":"+56998018104"},{"email":"cris@mail.com","id":2,"name":"Cristóbal Mancilla","phone":"+56998018104"}]}
{"level":"debug","message":"usersBd:","service":"user-service","users":[{"email":"carlos@mail.com","id":0,"name":"Carlos Mancilla","phone":"+56998018104"},{"email":"cris@mail.com","id":1,"name":"Cristóbal Mancilla","phone":"+56998018104"},{"email":"cris@mail.com","id":2,"name":"Cristóbal Mancilla","phone":"+56998018104"}]}
{"level":"debug","message":"id:","service":"user-service"}
{"level":"debug","message":"usersBd:","service":"user-service","users":[{"email":"carlos@mail.com","id":0,"name":"Carlos Mancilla","phone":"+56998018104"},{"email":"cris@mail.com","id":1,"name":"Cristóbal Mancilla","phone":"+56998018104"},{"email":"cris@mail.com","id":2,"name":"Cristóbal Mancilla","phone":"+56998018104"}]}
{"level":"debug","message":"id:","service":"user-service"}
{"level":"debug","message":"usersBd:","service":"user-service","users":[{"email":"carlos@mail.com","id":0,"name":"Carlos Mancilla","phone":"+56998018104"},{"email":"cris@mail.com","id":1,"name":"Cristóbal Mancilla","phone":"+56998018104"},{"email":"cris@mail.com","id":2,"name":"Cristóbal Mancilla","phone":"+56998018104"}]}
{"level":"debug","message":"usersBd:","service":"user-service","users":[{"email":"carlos@mail.com","id":0,"name":"Carlos Mancilla","phone":"+56998018104"},{"email":"cris@mail.com","id":1,"name":"Cristóbal Mancilla","phone":"+56998018104"},{"email":"cris@mail.com","id":2,"name":"Cristóbal Mancilla","phone":"+56998018104"}]}
{"level":"debug","message":"usersBd:","service":"user-service","users":[{"email":"carlos@mail.com","id":0,"name":"Carlos Mancilla","phone":"+56998018104"},{"email":"cris@mail.com","id":1,"name":"Cristóbal Mancilla","phone":"+56998018104"},{"email":"cris@mail.com","id":2,"name":"Cristóbal Mancilla","phone":"+56998018104"}]}
{"level":"debug","message":"usersBd:","service":"user-service","users":[{"email":"carlos@mail.com","id":0,"name":"Carlos Mancilla","phone":"+56998018104"},{"email":"cris@mail.com","id":1,"name":"Cristóbal Mancilla","phone":"+56998018104"},{"email":"cris@mail.com","id":2,"name":"Cristóbal Mancilla","phone":"+56998018104"}]}
{"level":"debug","message":"usersBd:","service":"user-service","users":[{"email":"carlos@mail.com","id":0,"name":"Carlos Mancilla","phone":"+56998018104"},{"email":"cris@mail.com","id":1,"name":"Cristóbal Mancilla","phone":"+56998018104"},{"email":"cris@mail.com","id":2,"name":"Cristóbal Mancilla","phone":"+56998018104"}]}
{"level":"debug","message":"id:","service":"user-service"}
{"level":"debug","message":"usersBd:","service":"user-service","users":[{"email":"carlos@mail.com","id":0,"name":"Carlos Mancilla","phone":"+56998018104"},{"email":"cris@mail.com","id":1,"name":"Cristóbal Mancilla","phone":"+56998018104"},{"email":"cris@mail.com","id":2,"name":"Cristóbal Mancilla","phone":"+56998018104"}]}
{"level":"debug","message":"id:","service":"user-service"}
{"level":"debug","message":"usersBd:","service":"user-service","users":[{"email":"carlos@mail.com","id":0,"name":"Carlos Mancilla","phone":"+56998018104"},{"email":"cris@mail.com","id":1,"name":"Cristóbal Mancilla","phone":"+56998018104"},{"email":"cris@mail.com","id":2,"name":"Cristóbal Mancilla","phone":"+56998018104"}]}
{"level":"debug","message":"usersBd:","service":"user-service","users":[{"email":"carlos@mail.com","id":0,"name":"Carlos Mancilla","phone":"+56998018104"},{"email":"cris@mail.com","id":1,"name":"Cristóbal Mancilla","phone":"+56998018104"},{"email":"cris@mail.com","id":2,"name":"Cristóbal Mancilla","phone":"+56998018104"}]}
{"level":"debug","message":"usersBd:","service":"user-service","users":[{"email":"carlos@mail.com","id":0,"name":"Carlos Mancilla","phone":"+56998018104"},{"email":"cris@mail.com","id":1,"name":"Cristóbal Mancilla","phone":"+56998018104"},{"email":"cris@mail.com","id":2,"name":"Cristóbal Mancilla","phone":"+56998018104"}]}
{"level":"debug","message":"usersBd:","service":"user-service","users":[{"email":"carlos@mail.com","id":0,"name":"Carlos Mancilla","phone":"+56998018104"},{"email":"cris@mail.com","id":1,"name":"Cristóbal Mancilla","phone":"+56998018104"},{"email":"cris@mail.com","id":2,"name":"Cristóbal Mancilla","phone":"+56998018104"}]}
{"level":"debug","message":"usersBd:","service":"user-service","users":[{"email":"carlos@mail.com","id":0,"name":"Carlos Mancilla","phone":"+56998018104"},{"email":"cris@mail.com","id":1,"name":"Cristóbal Mancilla","phone":"+56998018104"},{"email":"cris@mail.com","id":2,"name":"Cristóbal Mancilla","phone":"+56998018104"}]}
{"level":"debug","message":"usersBd:","service":"user-service","users":[{"email":"carlos@mail.com","id":0,"name":"Carlos Mancilla","phone":"+56998018104"},{"email":"cris@mail.com","id":1,"name":"Cristóbal Mancilla","phone":"+56998018104"},{"email":"cris@mail.com","id":2,"name":"Cristóbal Mancilla","phone":"+56998018104"}]}
{"level":"debug","message":"usersBd:","service":"user-service","users":[{"email":"carlos@mail.com","id":0,"name":"Carlos Mancilla","phone":"+56998018104"},{"email":"cris@mail.com","id":1,"name":"Cristóbal Mancilla","phone":"+56998018104"},{"email":"cris@mail.com","id":2,"name":"Cristóbal Mancilla","phone":"+56998018104"}]}
{"level":"debug","message":"id:","service":"user-service"}
{"level":"debug","message":"usersBd:","service":"user-service","users":[{"email":"carlos@mail.com","id":0,"name":"Carlos Mancilla","phone":"+56998018104"},{"email":"cris@mail.com","id":1,"name":"Cristóbal Mancilla","phone":"+56998018104"},{"email":"cris@mail.com","id":2,"name":"Cristóbal Mancilla","phone":"+56998018104"}]}
{"level":"debug","message":"id:","service":"user-service"}
{"level":"debug","message":"usersBd:","service":"user-service","users":[{"email":"carlos@mail.com","id":0,"name":"Carlos Mancilla","phone":"+56998018104"},{"email":"cris@mail.com","id":1,"name":"Cristóbal Mancilla","phone":"+56998018104"},{"email":"cris@mail.com","id":2,"name":"Cristóbal Mancilla","phone":"+56998018104"}]}
{"level":"debug","message":"usersBd:","service":"user-service","users":[{"email":"carlos@mail.com","id":0,"name":"Carlos Mancilla","phone":"+56998018104"},{"email":"cris@mail.com","id":1,"name":"Cristóbal Mancilla","phone":"+56998018104"},{"email":"cris@mail.com","id":2,"name":"Cristóbal Mancilla","phone":"+56998018104"}]}
{"level":"debug","message":"usersBd:","service":"user-service","users":[{"email":"carlos@mail.com","id":0,"name":"Carlos Mancilla","phone":"+56998018104"},{"email":"cris@mail.com","id":1,"name":"Cristóbal Mancilla","phone":"+56998018104"},{"email":"cris@mail.com","id":2,"name":"Cristóbal Mancilla","phone":"+56998018104"}]}
{"level":"debug","message":"bdPath:/Users/carlos/workspace/ventipay/project1/controller/../bd.json","service":"user-service"}
{"level":"debug","message":"usersBd:","service":"user-service","users":[{"email":"carlos@mail.com","id":0,"name":"Carlos Mancilla","phone":"+56998018104"},{"email":"cris@mail.com","id":1,"name":"Cristóbal Mancilla","phone":"+56998018104"},{"email":"cris@mail.com","id":2,"name":"Cristóbal Mancilla","phone":"+56998018104"}]}
{"level":"debug","message":"usersBd:","service":"user-service","users":[{"email":"carlos@mail.com","id":0,"name":"Carlos Mancilla","phone":"+56998018104"},{"email":"cris@mail.com","id":1,"name":"Cristóbal Mancilla","phone":"+56998018104"},{"email":"cris@mail.com","id":2,"name":"Cristóbal Mancilla","phone":"+56998018104"}]}
{"level":"debug","message":"id:","service":"user-service"}
{"level":"debug","message":"usersBd:","service":"user-service","users":[{"email":"carlos@mail.com","id":0,"name":"Carlos Mancilla","phone":"+56998018104"},{"email":"cris@mail.com","id":1,"name":"Cristóbal Mancilla","phone":"+56998018104"},{"email":"cris@mail.com","id":2,"name":"Cristóbal Mancilla","phone":"+56998018104"}]}
{"level":"debug","message":"id:","service":"user-service"}
{"level":"debug","message":"usersBd:","service":"user-service","users":[{"email":"carlos@mail.com","id":0,"name":"Carlos Mancilla","phone":"+56998018104"},{"email":"cris@mail.com","id":1,"name":"Cristóbal Mancilla","phone":"+56998018104"},{"email":"cris@mail.com","id":2,"name":"Cristóbal Mancilla","phone":"+56998018104"}]}
{"level":"debug","message":"usersBd:","service":"user-service","users":[{"email":"carlos@mail.com","id":0,"name":"Carlos Mancilla","phone":"+56998018104"},{"email":"cris@mail.com","id":1,"name":"Cristóbal Mancilla","phone":"+56998018104"},{"email":"cris@mail.com","id":2,"name":"Cristóbal Mancilla","phone":"+56998018104"}]}
{"level":"debug","message":"usersBd:","service":"user-service","users":[{"email":"carlos@mail.com","id":0,"name":"Carlos Mancilla","phone":"+56998018104"},{"email":"cris@mail.com","id":1,"name":"Cristóbal Mancilla","phone":"+56998018104"},{"email":"cris@mail.com","id":2,"name":"Cristóbal Mancilla","phone":"+56998018104"}]}
{"level":"debug","message":"id:","service":"user-service"}
{"level":"debug","message":"usersBd:","service":"user-service","users":[{"email":"carlos@mail.com","id":0,"name":"Carlos Mancilla","phone":"+56998018104"},{"email":"cris@mail.com","id":1,"name":"Cristóbal Mancilla","phone":"+56998018104"},{"email":"cris@mail.com","id":2,"name":"Cristóbal Mancilla","phone":"+56998018104"}]}
{"level":"debug","message":"id:","service":"user-service"}
{"level":"debug","message":"usersBd:","service":"user-service","users":[{"email":"carlos@mail.com","id":0,"name":"Carlos Mancilla","phone":"+56998018104"},{"email":"cris@mail.com","id":1,"name":"Cristóbal Mancilla","phone":"+56998018104"},{"email":"cris@mail.com","id":2,"name":"Cristóbal Mancilla","phone":"+56998018104"}]}
{"level":"debug","message":"usersBd:","service":"user-service","users":[{"email":"carlos@mail.com","id":0,"name":"Carlos Mancilla","phone":"+56998018104"},{"email":"cris@mail.com","id":1,"name":"Cristóbal Mancilla","phone":"+56998018104"},{"email":"cris@mail.com","id":2,"name":"Cristóbal Mancilla","phone":"+56998018104"}]}
{"level":"debug","message":"usersBd:","service":"user-service","users":[{"email":"carlos@mail.com","id":0,"name":"Carlos Mancilla","phone":"+56998018104"},{"email":"cris@mail.com","id":1,"name":"Cristóbal Mancilla","phone":"+56998018104"},{"email":"cris@mail.com","id":2,"name":"Cristóbal Mancilla","phone":"+56998018104"}]}
{"level":"debug","message":"bdPath:/Users/carlos/workspace/ventipay/project1/controller/../bd.json","service":"user-service"}
{"level":"debug","message":"usersBd:","service":"user-service","users":[{"email":"carlos@mail.com","id":0,"name":"Carlos Mancilla","phone":"+56998018104"},{"email":"cris@mail.com","id":1,"name":"Cristóbal Mancilla","phone":"+56998018104"},{"email":"cris@mail.com","id":2,"name":"Cristóbal Mancilla","phone":"+56998018104"}]}
{"level":"debug","message":"usersBd:","service":"user-service","users":[{"email":"carlos@mail.com","id":0,"name":"Carlos Mancilla","phone":"+56998018104"},{"email":"cris@mail.com","id":1,"name":"Cristóbal Mancilla","phone":"+56998018104"},{"email":"cris@mail.com","id":2,"name":"Cristóbal Mancilla","phone":"+56998018104"}]}
{"level":"debug","message":"usersBd:","service":"user-service","users":[{"email":"carlos@mail.com","id":0,"name":"Carlos Mancilla","phone":"+56998018104"},{"email":"cris@mail.com","id":1,"name":"Cristóbal Mancilla","phone":"+56998018104"},{"email":"cris@mail.com","id":2,"name":"Cristóbal Mancilla","phone":"+56998018104"}]}
{"level":"debug","message":"id:","service":"user-service"}
{"level":"debug","message":"usersBd:","service":"user-service","users":[{"email":"carlos@mail.com","id":0,"name":"Carlos Mancilla","phone":"+56998018104"},{"email":"cris@mail.com","id":1,"name":"Cristóbal Mancilla","phone":"+56998018104"},{"email":"cris@mail.com","id":2,"name":"Cristóbal Mancilla","phone":"+56998018104"}]}
{"level":"debug","message":"id:","service":"user-service"}
{"level":"debug","message":"usersBd:","service":"user-service","users":[{"email":"carlos@mail.com","id":0,"name":"Carlos Mancilla","phone":"+56998018104"},{"email":"cris@mail.com","id":1,"name":"Cristóbal Mancilla","phone":"+56998018104"},{"email":"cris@mail.com","id":2,"name":"Cristóbal Mancilla","phone":"+56998018104"}]}
{"level":"debug","message":"usersBd:","service":"user-service","users":[{"email":"carlos@mail.com","id":0,"name":"Carlos Mancilla","phone":"+56998018104"},{"email":"cris@mail.com","id":1,"name":"Cristóbal Mancilla","phone":"+56998018104"},{"email":"cris@mail.com","id":2,"name":"Cristóbal Mancilla","phone":"+56998018104"}]}
{"level":"debug","message":"usersBd:","service":"user-service","users":[{"email":"carlos@mail.com","id":0,"name":"Carlos Mancilla","phone":"+56998018104"},{"email":"cris@mail.com","id":1,"name":"Cristóbal Mancilla","phone":"+56998018104"},{"email":"cris@mail.com","id":2,"name":"Cristóbal Mancilla","phone":"+56998018104"}]}
{"level":"debug","message":"usersBd:","service":"user-service","users":[{"email":"carlos@mail.com","id":0,"name":"Carlos Mancilla","phone":"+56998018104"},{"email":"cris@mail.com","id":1,"name":"Cristóbal Mancilla","phone":"+56998018104"},{"email":"cris@mail.com","id":2,"name":"Cristóbal Mancilla","phone":"+56998018104"}]}
{"level":"debug","message":"usersBd:","service":"user-service","users":[{"email":"carlos@mail.com","id":0,"name":"Carlos Mancilla","phone":"+56998018104"},{"email":"cris@mail.com","id":1,"name":"Cristóbal Mancilla","phone":"+56998018104"},{"email":"cris@mail.com","id":2,"name":"Cristóbal Mancilla","phone":"+56998018104"}]}
{"level":"debug","message":"usersBd:","service":"user-service","users":[{"email":"carlos@mail.com","id":0,"name":"Carlos Mancilla","phone":"+56998018104"},{"email":"cris@mail.com","id":1,"name":"Cristóbal Mancilla","phone":"+56998018104"},{"email":"cris@mail.com","id":2,"name":"Cristóbal Mancilla","phone":"+56998018104"}]}
{"level":"error","service":"user-service"}
{"level":"debug","message":"usersBd:","service":"user-service","users":[{"email":"carlos@mail.com","id":0,"name":"Carlos Mancilla","phone":"+56998018104"},{"email":"cris@mail.com","id":1,"name":"Cristóbal Mancilla","phone":"+56998018104"},{"email":"cris@mail.com","id":2,"name":"Cristóbal Mancilla","phone":"+56998018104"}]}
{"email":"carlos2@mail.com","id":3,"level":"debug","message":"user:","name":"Carlos Mancilla","phone":"+56999999","service":"user-service"}
{"level":"debug","message":"usersBd:","service":"user-service","users":[{"email":"carlos@mail.com","id":0,"name":"Carlos Mancilla","phone":"+56998018104"},{"email":"cris@mail.com","id":1,"name":"Cristóbal Mancilla","phone":"+56998018104"},{"email":"cris@mail.com","id":2,"name":"Cristóbal Mancilla","phone":"+56998018104"},{"email":"carlos2@mail.com","id":3,"name":"Carlos Mancilla","phone":"+56999999"}]}
{"level":"debug","message":"bdPath:/Users/carlos/workspace/ventipay/project1/controller/../bd.json","service":"user-service"}
{"level":"debug","message":"usersBd:","service":"user-service","users":[{"email":"carlos@mail.com","id":0,"name":"Carlos Mancilla","phone":"+56998018104"},{"email":"cris@mail.com","id":1,"name":"Cristóbal Mancilla","phone":"+56998018104"},{"email":"cris@mail.com","id":2,"name":"Cristóbal Mancilla","phone":"+56998018104"},{"email":"carlos2@mail.com","id":3,"name":"Carlos Mancilla","phone":"+56999999"}]}
{"level":"debug","message":"usersBd:","service":"user-service","users":[{"email":"carlos@mail.com","id":0,"name":"Carlos Mancilla","phone":"+56998018104"},{"email":"cris@mail.com","id":1,"name":"Cristóbal Mancilla","phone":"+56998018104"},{"email":"cris@mail.com","id":2,"name":"Cristóbal Mancilla","phone":"+56998018104"},{"email":"carlos2@mail.com","id":3,"name":"Carlos Mancilla","phone":"+56999999"}]}
{"level":"debug","message":"id:","service":"user-service"}
{"level":"debug","message":"usersBd:","service":"user-service","users":[{"email":"carlos@mail.com","id":0,"name":"Carlos Mancilla","phone":"+56998018104"},{"email":"cris@mail.com","id":1,"name":"Cristóbal Mancilla","phone":"+56998018104"},{"email":"cris@mail.com","id":2,"name":"Cristóbal Mancilla","phone":"+56998018104"},{"email":"carlos2@mail.com","id":3,"name":"Carlos Mancilla","phone":"+56999999"}]}
{"level":"debug","message":"id:","service":"user-service"}
{"level":"debug","message":"usersBd:","service":"user-service","users":[{"email":"carlos@mail.com","id":0,"name":"Carlos Mancilla","phone":"+56998018104"},{"email":"cris@mail.com","id":1,"name":"Cristóbal Mancilla","phone":"+56998018104"},{"email":"cris@mail.com","id":2,"name":"Cristóbal Mancilla","phone":"+56998018104"},{"email":"carlos2@mail.com","id":3,"name":"Carlos Mancilla","phone":"+56999999"}]}
{"level":"debug","message":"usersBd:","service":"user-service","users":[{"email":"carlos@mail.com","id":0,"name":"Carlos Mancilla","phone":"+56998018104"},{"email":"cris@mail.com","id":1,"name":"Cristóbal Mancilla","phone":"+56998018104"},{"email":"cris@mail.com","id":2,"name":"Cristóbal Mancilla","phone":"+56998018104"},{"email":"carlos2@mail.com","id":3,"name":"Carlos Mancilla","phone":"+56999999"}]}
{"level":"debug","message":"usersBd:","service":"user-service","users":[{"email":"carlos@mail.com","id":0,"name":"Carlos Mancilla","phone":"+56998018104"},{"email":"cris@mail.com","id":1,"name":"Cristóbal Mancilla","phone":"+56998018104"},{"email":"cris@mail.com","id":2,"name":"Cristóbal Mancilla","phone":"+56998018104"},{"email":"carlos2@mail.com","id":3,"name":"Carlos Mancilla","phone":"+56999999"}]}
{"level":"debug","message":"id:","service":"user-service"}
{"level":"debug","message":"usersBd:","service":"user-service","users":[{"email":"carlos@mail.com","id":0,"name":"Carlos Mancilla","phone":"+56998018104"},{"email":"cris@mail.com","id":1,"name":"Cristóbal Mancilla","phone":"+56998018104"},{"email":"cris@mail.com","id":2,"name":"Cristóbal Mancilla","phone":"+56998018104"},{"email":"carlos2@mail.com","id":3,"name":"Carlos Mancilla","phone":"+56999999"}]}
{"level":"debug","message":"id:","service":"user-service"}
{"level":"debug","message":"usersBd:","service":"user-service","users":[{"email":"carlos@mail.com","id":0,"name":"Carlos Mancilla","phone":"+56998018104"},{"email":"cris@mail.com","id":1,"name":"Cristóbal Mancilla","phone":"+56998018104"},{"email":"cris@mail.com","id":2,"name":"Cristóbal Mancilla","phone":"+56998018104"},{"email":"carlos2@mail.com","id":3,"name":"Carlos Mancilla","phone":"+56999999"}]}
{"level":"debug","message":"usersBd:","service":"user-service","users":[{"email":"carlos@mail.com","id":0,"name":"Carlos Mancilla","phone":"+56998018104"},{"email":"cris@mail.com","id":1,"name":"Cristóbal Mancilla","phone":"+56998018104"},{"email":"cris@mail.com","id":2,"name":"Cristóbal Mancilla","phone":"+56998018104"},{"email":"carlos2@mail.com","id":3,"name":"Carlos Mancilla","phone":"+56999999"}]}
{"level":"debug","message":"usersBd:","service":"user-service","users":[{"email":"carlos@mail.com","id":0,"name":"Carlos Mancilla","phone":"+56998018104"},{"email":"cris@mail.com","id":1,"name":"Cristóbal Mancilla","phone":"+56998018104"},{"email":"cris@mail.com","id":2,"name":"Cristóbal Mancilla","phone":"+56998018104"},{"email":"carlos2@mail.com","id":3,"name":"Carlos Mancilla","phone":"+56999999"}]}
{"level":"debug","message":"usersBd:","service":"user-service","users":[{"email":"carlos@mail.com","id":0,"name":"Carlos Mancilla","phone":"+56998018104"},{"email":"cris@mail.com","id":1,"name":"Cristóbal Mancilla","phone":"+56998018104"},{"email":"cris@mail.com","id":2,"name":"Cristóbal Mancilla","phone":"+56998018104"},{"email":"carlos2@mail.com","id":3,"name":"Carlos Mancilla","phone":"+56999999"}]}
{"level":"debug","message":"usersBd:","service":"user-service","users":[{"email":"carlos@mail.com","id":0,"name":"Carlos Mancilla","phone":"+56998018104"},{"email":"cris@mail.com","id":1,"name":"Cristóbal Mancilla","phone":"+56998018104"},{"email":"cris@mail.com","id":2,"name":"Cristóbal Mancilla","phone":"+56998018104"},{"email":"carlos2@mail.com","id":3,"name":"Carlos Mancilla","phone":"+56999999"}]}
{"level":"debug","message":"usersBd:","service":"user-service","users":[{"email":"carlos@mail.com","id":0,"name":"Carlos Mancilla","phone":"+56998018104"},{"email":"cris@mail.com","id":1,"name":"Cristóbal Mancilla","phone":"+56998018104"},{"email":"cris@mail.com","id":2,"name":"Cristóbal Mancilla","phone":"+56998018104"},{"email":"carlos2@mail.com","id":3,"name":"Carlos Mancilla","phone":"+56999999"}]}
{"level":"debug","message":"usersBd:","service":"user-service","users":[{"email":"carlos@mail.com","id":0,"name":"Carlos Mancilla","phone":"+56998018104"},{"email":"cris@mail.com","id":1,"name":"Cristóbal Mancilla","phone":"+56998018104"},{"email":"cris@mail.com","id":2,"name":"Cristóbal Mancilla","phone":"+56998018104"},{"email":"carlos2@mail.com","id":3,"name":"Carlos Mancilla","phone":"+56999999"}]}
{"level":"debug","message":"usersBd:","service":"user-service","users":[{"email":"carlos@mail.com","id":0,"name":"Carlos Mancilla","phone":"+56998018104"},{"email":"cris@mail.com","id":1,"name":"Cristóbal Mancilla","phone":"+56998018104"},{"email":"cris@mail.com","id":2,"name":"Cristóbal Mancilla","phone":"+56998018104"},{"email":"carlos2@mail.com","id":3,"name":"Carlos Mancilla","phone":"+56999999"}]}
{"level":"debug","message":"usersBd:","service":"user-service","users":[{"email":"carlos@mail.com","id":0,"name":"Carlos Mancilla","phone":"+56998018104"},{"email":"cris@mail.com","id":1,"name":"Cristóbal Mancilla","phone":"+56998018104"},{"email":"cris@mail.com","id":2,"name":"Cristóbal Mancilla","phone":"+56998018104"},{"email":"carlos2@mail.com","id":3,"name":"Carlos Mancilla","phone":"+56999999"}]}
{"level":"debug","message":"usersBd:","service":"user-service","users":[{"email":"carlos@mail.com","id":0,"name":"Carlos Mancilla","phone":"+56998018104"},{"email":"cris@mail.com","id":1,"name":"Cristóbal Mancilla","phone":"+56998018104"},{"email":"cris@mail.com","id":2,"name":"Cristóbal Mancilla","phone":"+56998018104"},{"email":"carlos2@mail.com","id":3,"name":"Carlos Mancilla","phone":"+56999999"}]}
{"level":"debug","message":"usersBd:","service":"user-service","users":[{"email":"carlos@mail.com","id":0,"name":"Carlos Mancilla","phone":"+56998018104"},{"email":"cris@mail.com","id":1,"name":"Cristóbal Mancilla","phone":"+56998018104"},{"email":"cris@mail.com","id":2,"name":"Cristóbal Mancilla","phone":"+56998018104"},{"email":"carlos2@mail.com","id":3,"name":"Carlos Mancilla","phone":"+56999999"}]}
{"level":"debug","message":"usersBd:","service":"user-service","users":[{"email":"carlos@mail.com","id":0,"name":"Carlos Mancilla","phone":"+56998018104"},{"email":"cris@mail.com","id":1,"name":"Cristóbal Mancilla","phone":"+56998018104"},{"email":"cris@mail.com","id":2,"name":"Cristóbal Mancilla","phone":"+56998018104"},{"email":"carlos2@mail.com","id":3,"name":"Carlos Mancilla","phone":"+56999999"}]}
{"level":"debug","message":"usersBd:","service":"user-service","users":[{"email":"carlos@mail.com","id":0,"name":"Carlos Mancilla","phone":"+56998018104"},{"email":"cris@mail.com","id":1,"name":"Cristóbal Mancilla","phone":"+56998018104"},{"email":"cris@mail.com","id":2,"name":"Cristóbal Mancilla","phone":"+56998018104"},{"email":"carlos2@mail.com","id":3,"name":"Carlos Mancilla","phone":"+56999999"}]}
{"level":"debug","message":"id:","service":"user-service"}
{"level":"debug","message":"usersBd:","service":"user-service","users":[{"email":"carlos@mail.com","id":0,"name":"Carlos Mancilla","phone":"+56998018104"},{"email":"cris@mail.com","id":1,"name":"Cristóbal Mancilla","phone":"+56998018104"},{"email":"cris@mail.com","id":2,"name":"Cristóbal Mancilla","phone":"+56998018104"},{"email":"carlos2@mail.com","id":3,"name":"Carlos Mancilla","phone":"+56999999"}]}
{"level":"debug","message":"id:","service":"user-service"}
{"level":"debug","message":"usersBd:","service":"user-service","users":[{"email":"carlos@mail.com","id":0,"name":"Carlos Mancilla","phone":"+56998018104"},{"email":"cris@mail.com","id":1,"name":"Cristóbal Mancilla","phone":"+56998018104"},{"email":"cris@mail.com","id":2,"name":"Cristóbal Mancilla","phone":"+56998018104"},{"email":"carlos2@mail.com","id":3,"name":"Carlos Mancilla","phone":"+56999999"}]}
{"level":"debug","message":"usersBd:","service":"user-service","users":[{"email":"carlos@mail.com","id":0,"name":"Carlos Mancilla","phone":"+56998018104"},{"email":"cris@mail.com","id":1,"name":"Cristóbal Mancilla","phone":"+56998018104"},{"email":"cris@mail.com","id":2,"name":"Cristóbal Mancilla","phone":"+56998018104"},{"email":"carlos2@mail.com","id":3,"name":"Carlos Mancilla","phone":"+56999999"}]}
{"level":"debug","message":"usersBd:","service":"user-service","users":[{"email":"carlos@mail.com","id":0,"name":"Carlos Mancilla","phone":"+56998018104"},{"email":"cris@mail.com","id":1,"name":"Cristóbal Mancilla","phone":"+56998018104"},{"email":"cris@mail.com","id":2,"name":"Cristóbal Mancilla","phone":"+56998018104"},{"email":"carlos2@mail.com","id":3,"name":"Carlos Mancilla","phone":"+56999999"}]}
{"level":"debug","message":"id:","service":"user-service"}
{"level":"debug","message":"usersBd:","service":"user-service","users":[{"email":"carlos@mail.com","id":0,"name":"Carlos Mancilla","phone":"+56998018104"},{"email":"cris@mail.com","id":1,"name":"Cristóbal Mancilla","phone":"+56998018104"},{"email":"cris@mail.com","id":2,"name":"Cristóbal Mancilla","phone":"+56998018104"},{"email":"carlos2@mail.com","id":3,"name":"Carlos Mancilla","phone":"+56999999"}]}
{"level":"debug","message":"id:","service":"user-service"}
{"level":"debug","message":"usersBd:","service":"user-service","users":[{"email":"carlos@mail.com","id":0,"name":"Carlos Mancilla","phone":"+56998018104"},{"email":"cris@mail.com","id":1,"name":"Cristóbal Mancilla","phone":"+56998018104"},{"email":"cris@mail.com","id":2,"name":"Cristóbal Mancilla","phone":"+56998018104"},{"email":"carlos2@mail.com","id":3,"name":"Carlos Mancilla","phone":"+56999999"}]}
{"level":"debug","message":"usersBd:","service":"user-service","users":[{"email":"carlos@mail.com","id":0,"name":"Carlos Mancilla","phone":"+56998018104"},{"email":"cris@mail.com","id":1,"name":"Cristóbal Mancilla","phone":"+56998018104"},{"email":"cris@mail.com","id":2,"name":"Cristóbal Mancilla","phone":"+56998018104"},{"email":"carlos2@mail.com","id":3,"name":"Carlos Mancilla","phone":"+56999999"}]}
{"level":"debug","message":"usersBd:","service":"user-service","users":[{"email":"carlos@mail.com","id":0,"name":"Carlos Mancilla","phone":"+56998018104"},{"email":"cris@mail.com","id":1,"name":"Cristóbal Mancilla","phone":"+56998018104"},{"email":"cris@mail.com","id":2,"name":"Cristóbal Mancilla","phone":"+56998018104"},{"email":"carlos2@mail.com","id":3,"name":"Carlos Mancilla","phone":"+56999999"}]}
{"level":"debug","message":"id:","service":"user-service"}
{"level":"debug","message":"usersBd:","service":"user-service","users":[{"email":"carlos@mail.com","id":0,"name":"Carlos Mancilla","phone":"+56998018104"},{"email":"cris@mail.com","id":1,"name":"Cristóbal Mancilla","phone":"+56998018104"},{"email":"cris@mail.com","id":2,"name":"Cristóbal Mancilla","phone":"+56998018104"},{"email":"carlos2@mail.com","id":3,"name":"Carlos Mancilla","phone":"+56999999"}]}
{"level":"debug","message":"id:","service":"user-service"}
{"level":"debug","message":"usersBd:","service":"user-service","users":[{"email":"carlos@mail.com","id":0,"name":"Carlos Mancilla","phone":"+56998018104"},{"email":"cris@mail.com","id":1,"name":"Cristóbal Mancilla","phone":"+56998018104"},{"email":"cris@mail.com","id":2,"name":"Cristóbal Mancilla","phone":"+56998018104"},{"email":"carlos2@mail.com","id":3,"name":"Carlos Mancilla","phone":"+56999999"}]}
{"level":"debug","message":"usersBd:","service":"user-service","users":[{"email":"carlos@mail.com","id":0,"name":"Carlos Mancilla","phone":"+56998018104"},{"email":"cris@mail.com","id":1,"name":"Cristóbal Mancilla","phone":"+56998018104"},{"email":"cris@mail.com","id":2,"name":"Cristóbal Mancilla","phone":"+56998018104"},{"email":"carlos2@mail.com","id":3,"name":"Carlos Mancilla","phone":"+56999999"}]}
{"level":"debug","message":"usersBd:","service":"user-service","users":[{"email":"carlos@mail.com","id":0,"name":"Carlos Mancilla","phone":"+56998018104"},{"email":"cris@mail.com","id":1,"name":"Cristóbal Mancilla","phone":"+56998018104"},{"email":"cris@mail.com","id":2,"name":"Cristóbal Mancilla","phone":"+56998018104"},{"email":"carlos2@mail.com","id":3,"name":"Carlos Mancilla","phone":"+56999999"}]}
{"level":"debug","message":"usersBd:","service":"user-service","users":[{"email":"carlos@mail.com","id":0,"name":"Carlos Mancilla","phone":"+56998018104"},{"email":"cris@mail.com","id":1,"name":"Cristóbal Mancilla","phone":"+56998018104"},{"email":"cris@mail.com","id":2,"name":"Cristóbal Mancilla","phone":"+56998018104"},{"email":"carlos2@mail.com","id":3,"name":"Carlos Mancilla","phone":"+56999999"}]}
{"level":"debug","message":"usersBd:","service":"user-service","users":[{"email":"carlos@mail.com","id":0,"name":"Carlos Mancilla","phone":"+56998018104"},{"email":"cris@mail.com","id":1,"name":"Cristóbal Mancilla","phone":"+56998018104"},{"email":"cris@mail.com","id":2,"name":"Cristóbal Mancilla","phone":"+56998018104"},{"email":"carlos2@mail.com","id":3,"name":"Carlos Mancilla","phone":"+56999999"}]}
{"level":"debug","message":"usersBd:","service":"user-service","users":[{"email":"carlos@mail.com","id":0,"name":"Carlos Mancilla","phone":"+56998018104"},{"email":"cris@mail.com","id":1,"name":"Cristóbal Mancilla","phone":"+56998018104"},{"email":"cris@mail.com","id":2,"name":"Cristóbal Mancilla","phone":"+56998018104"},{"email":"carlos2@mail.com","id":3,"name":"Carlos Mancilla","phone":"+56999999"}]}
{"level":"debug","message":"id:","service":"user-service"}
{"level":"debug","message":"usersBd:","service":"user-service","users":[{"email":"carlos@mail.com","id":0,"name":"Carlos Mancilla","phone":"+56998018104"},{"email":"cris@mail.com","id":1,"name":"Cristóbal Mancilla","phone":"+56998018104"},{"email":"cris@mail.com","id":2,"name":"Cristóbal Mancilla","phone":"+56998018104"},{"email":"carlos2@mail.com","id":3,"name":"Carlos Mancilla","phone":"+56999999"}]}
{"level":"debug","message":"id:","service":"user-service"}
{"level":"debug","message":"usersBd:","service":"user-service","users":[{"email":"carlos@mail.com","id":0,"name":"Carlos Mancilla","phone":"+56998018104"},{"email":"cris@mail.com","id":1,"name":"Cristóbal Mancilla","phone":"+56998018104"},{"email":"cris@mail.com","id":2,"name":"Cristóbal Mancilla","phone":"+56998018104"},{"email":"carlos2@mail.com","id":3,"name":"Carlos Mancilla","phone":"+56999999"}]}
{"level":"debug","message":"usersBd:","service":"user-service","users":[{"email":"carlos@mail.com","id":0,"name":"Carlos Mancilla","phone":"+56998018104"},{"email":"cris@mail.com","id":1,"name":"Cristóbal Mancilla","phone":"+56998018104"},{"email":"cris@mail.com","id":2,"name":"Cristóbal Mancilla","phone":"+56998018104"},{"email":"carlos2@mail.com","id":3,"name":"Carlos Mancilla","phone":"+56999999"}]}
{"level":"debug","message":"usersBd:","service":"user-service","users":[{"email":"carlos@mail.com","id":0,"name":"Carlos Mancilla","phone":"+56998018104"},{"email":"cris@mail.com","id":1,"name":"Cristóbal Mancilla","phone":"+56998018104"},{"email":"cris@mail.com","id":2,"name":"Cristóbal Mancilla","phone":"+56998018104"},{"email":"carlos2@mail.com","id":3,"name":"Carlos Mancilla","phone":"+56999999"}]}
{"level":"debug","message":"usersBd:","service":"user-service","users":[{"email":"carlos@mail.com","id":0,"name":"Carlos Mancilla","phone":"+56998018104"},{"email":"cris@mail.com","id":1,"name":"Cristóbal Mancilla","phone":"+56998018104"},{"email":"cris@mail.com","id":2,"name":"Cristóbal Mancilla","phone":"+56998018104"},{"email":"carlos2@mail.com","id":3,"name":"Carlos Mancilla","phone":"+56999999"}]}
{"level":"debug","message":"usersBd:","service":"user-service","users":[{"email":"carlos@mail.com","id":0,"name":"Carlos Mancilla","phone":"+56998018104"},{"email":"cris@mail.com","id":1,"name":"Cristóbal Mancilla","phone":"+56998018104"},{"email":"cris@mail.com","id":2,"name":"Cristóbal Mancilla","phone":"+56998018104"},{"email":"carlos2@mail.com","id":3,"name":"Carlos Mancilla","phone":"+56999999"}]}
{"level":"debug","message":"bdPath:/Users/carlos/workspace/ventipay/project1/controller/../bd.json","service":"user-service"}
